2025-06-18 11:23:53,214 [INFO] Génération de l'exogenous dataset
2025-06-18 11:23:53,214 [INFO] Téléchargement des données...
2025-06-18 11:23:54,207 [INFO] Calcul des indicateurs techniques...
2025-06-18 11:24:40,985 [INFO] Lignes avant nettoyage : 29050
2025-06-18 11:24:40,999 [INFO] Lignes après nettoyage : 28339
2025-06-18 11:24:41,000 [INFO] Création des labels...
2025-06-18 11:24:41,552 [INFO] Sélection des colonnes...
2025-06-18 11:24:41,787 [INFO] Colonnes supprimées à cause d'une corrélation > 0.95 : ['rsi_dist_oversold', 'rsi_dist_overbought', 'sma_200', 'ema_20', 'ema_100', 'bb_upper', 'bb_lower', 'macd_signal', 'williams_r', 'kama', 'vwap', 'price_diff_1']
2025-06-18 11:24:44,442 [INFO] Dataset sauvegardé sous C:\CWE_DA\Python\algo-trading-2\exogenous_model\dataset\features_and_target\features_and_target.csv
2025-06-18 11:26:55,214 [INFO] Dataset séquentiel sauvegardé sous C:\CWE_DA\Python\algo-trading-2\exogenous_model\dataset\features_and_target\sequential_dataset.npz avec noms de colonnes
2025-06-18 11:26:56,813 [INFO] Démarrage de l'exécution multi-seeds : [42, 100, 200, 300]
2025-06-18 11:26:56,814 [INFO] --- Début du run avec seed 42 ---
2025-06-18 11:26:56,938 [INFO] Entraînement du modèle principal
2025-06-18 11:27:51,054 [DEBUG] Epoch 1/20 - Train Loss: 0.5495 - Val Loss: 0.5545 - Best Val Loss: inf
2025-06-18 11:28:08,554 [DEBUG] Epoch 2/20 - Train Loss: 0.5362 - Val Loss: 0.5467 - Best Val Loss: 0.5545
2025-06-18 11:28:52,325 [DEBUG] Epoch 3/20 - Train Loss: 0.5191 - Val Loss: 0.5382 - Best Val Loss: 0.5467
2025-06-18 11:29:14,519 [DEBUG] Epoch 4/20 - Train Loss: 0.4967 - Val Loss: 0.5241 - Best Val Loss: 0.5382
2025-06-18 11:29:39,436 [DEBUG] Epoch 5/20 - Train Loss: 0.4727 - Val Loss: 0.5072 - Best Val Loss: 0.5241
2025-06-18 11:29:57,156 [DEBUG] Epoch 6/20 - Train Loss: 0.4414 - Val Loss: 0.4838 - Best Val Loss: 0.5072
2025-06-18 11:30:18,385 [DEBUG] Epoch 7/20 - Train Loss: 0.4132 - Val Loss: 0.4734 - Best Val Loss: 0.4838
2025-06-18 11:30:38,549 [DEBUG] Epoch 8/20 - Train Loss: 0.3852 - Val Loss: 0.4688 - Best Val Loss: 0.4734
2025-06-18 11:31:01,390 [DEBUG] Epoch 9/20 - Train Loss: 0.3654 - Val Loss: 0.4614 - Best Val Loss: 0.4688
2025-06-18 11:31:18,500 [DEBUG] Epoch 10/20 - Train Loss: 0.3462 - Val Loss: 0.4621 - Best Val Loss: 0.4614
2025-06-18 11:31:38,025 [DEBUG] Epoch 11/20 - Train Loss: 0.3372 - Val Loss: 0.4495 - Best Val Loss: 0.4614
2025-06-18 11:31:54,844 [DEBUG] Epoch 12/20 - Train Loss: 0.3276 - Val Loss: 0.4396 - Best Val Loss: 0.4495
2025-06-18 11:32:19,099 [DEBUG] Epoch 13/20 - Train Loss: 0.3080 - Val Loss: 0.4367 - Best Val Loss: 0.4396
2025-06-18 11:32:41,850 [DEBUG] Epoch 14/20 - Train Loss: 0.3047 - Val Loss: 0.4274 - Best Val Loss: 0.4367
2025-06-18 11:33:11,168 [DEBUG] Epoch 15/20 - Train Loss: 0.2886 - Val Loss: 0.4314 - Best Val Loss: 0.4274
2025-06-18 11:33:33,450 [DEBUG] Epoch 16/20 - Train Loss: 0.2723 - Val Loss: 0.4249 - Best Val Loss: 0.4274
2025-06-18 11:33:54,009 [DEBUG] Epoch 17/20 - Train Loss: 0.2731 - Val Loss: 0.4282 - Best Val Loss: 0.4249
2025-06-18 11:34:16,659 [DEBUG] Epoch 18/20 - Train Loss: 0.2577 - Val Loss: 0.4209 - Best Val Loss: 0.4249
2025-06-18 11:34:37,852 [DEBUG] Epoch 19/20 - Train Loss: 0.2573 - Val Loss: 0.4246 - Best Val Loss: 0.4209
2025-06-18 11:35:00,693 [DEBUG] Epoch 20/20 - Train Loss: 0.2467 - Val Loss: 0.4185 - Best Val Loss: 0.4209
2025-06-18 11:35:01,337 [INFO] Évaluation du modèle principal
2025-06-18 11:35:04,876 [INFO] Seed 42 — Accuracy: 0.4631, Precision: 0.5275, Recall: 0.5986, F1: 0.4687
2025-06-18 11:35:04,911 [INFO] Génération du dataset méta
2025-06-18 11:35:04,912 [INFO]  Traitement du seed 42...
2025-06-18 11:35:05,995 [INFO] Seed 42 - X_train shape: (19697, 200, 24)
