2025-06-18 17:36:05,956 [INFO] Génération de l'exogenous dataset
2025-06-18 17:36:05,957 [INFO] Chargement des données...
2025-06-18 17:36:07,114 [INFO] Application de la différentiation fractionnaire...
2025-06-18 17:36:13,343 [INFO] Calcul des indicateurs techniques...
2025-06-18 17:36:13,775 [INFO] Génération des labels triple barriere...
2025-06-18 17:36:16,649 [INFO] Colonnes supprimées à cause d'une corrélation > 0.95 : ['sma_50', 'ema_20', 'bb_upper', 'bb_lower']
2025-06-18 17:36:17,004 [INFO] Dataset sauvegardé sous C:\CWE_DA\Python\algo-trading-2\exogenous_model\dataset\features_and_target\features_and_target.csv
2025-06-18 17:36:33,836 [INFO] Dataset séquentiel sauvegardé sous C:\CWE_DA\Python\algo-trading-2\exogenous_model\dataset\features_and_target\sequential_dataset.npz avec noms de colonnes
2025-06-18 17:36:33,912 [INFO] Démarrage de l'exécution multi-seeds : [42]
2025-06-18 17:36:33,912 [INFO] --- Début du run avec seed 42 ---
2025-06-18 17:36:33,999 [INFO] Entraînement du modèle principal
2025-06-18 17:36:55,340 [DEBUG] Epoch 1/100 - Train Loss: 0.5440 - Val Loss: 0.5502 - Best Val Loss: inf
2025-06-18 17:37:13,572 [DEBUG] Epoch 2/100 - Train Loss: 0.5396 - Val Loss: 0.5481 - Best Val Loss: 0.5502
2025-06-18 17:37:33,118 [DEBUG] Epoch 3/100 - Train Loss: 0.5379 - Val Loss: 0.5462 - Best Val Loss: 0.5481
2025-06-18 17:37:46,032 [DEBUG] Epoch 4/100 - Train Loss: 0.5313 - Val Loss: 0.5386 - Best Val Loss: 0.5462
2025-06-18 17:38:02,097 [DEBUG] Epoch 5/100 - Train Loss: 0.5233 - Val Loss: 0.5344 - Best Val Loss: 0.5386
2025-06-18 17:38:14,742 [DEBUG] Epoch 6/100 - Train Loss: 0.5193 - Val Loss: 0.5321 - Best Val Loss: 0.5344
2025-06-18 17:38:26,485 [DEBUG] Epoch 7/100 - Train Loss: 0.5151 - Val Loss: 0.5316 - Best Val Loss: 0.5321
2025-06-18 17:38:38,305 [DEBUG] Epoch 8/100 - Train Loss: 0.5116 - Val Loss: 0.5269 - Best Val Loss: 0.5316
2025-06-18 17:38:49,834 [DEBUG] Epoch 9/100 - Train Loss: 0.5089 - Val Loss: 0.5252 - Best Val Loss: 0.5269
2025-06-18 17:39:01,545 [DEBUG] Epoch 10/100 - Train Loss: 0.5077 - Val Loss: 0.5252 - Best Val Loss: 0.5252
2025-06-18 17:39:12,843 [DEBUG] Epoch 11/100 - Train Loss: 0.5025 - Val Loss: 0.5218 - Best Val Loss: 0.5252
2025-06-18 17:39:23,924 [DEBUG] Epoch 12/100 - Train Loss: 0.4980 - Val Loss: 0.5220 - Best Val Loss: 0.5218
2025-06-18 17:39:35,745 [DEBUG] Epoch 13/100 - Train Loss: 0.4919 - Val Loss: 0.5222 - Best Val Loss: 0.5218
2025-06-18 17:39:47,199 [DEBUG] Epoch 14/100 - Train Loss: 0.4918 - Val Loss: 0.5226 - Best Val Loss: 0.5218
2025-06-18 17:39:58,920 [DEBUG] Epoch 15/100 - Train Loss: 0.4834 - Val Loss: 0.5183 - Best Val Loss: 0.5218
2025-06-18 17:40:11,238 [DEBUG] Epoch 16/100 - Train Loss: 0.4838 - Val Loss: 0.5189 - Best Val Loss: 0.5183
2025-06-18 17:40:25,955 [DEBUG] Epoch 17/100 - Train Loss: 0.4741 - Val Loss: 0.5160 - Best Val Loss: 0.5183
2025-06-18 17:40:37,308 [DEBUG] Epoch 18/100 - Train Loss: 0.4683 - Val Loss: 0.5130 - Best Val Loss: 0.5160
2025-06-18 17:40:49,426 [DEBUG] Epoch 19/100 - Train Loss: 0.4630 - Val Loss: 0.5069 - Best Val Loss: 0.5130
